[LWJGL] Version: 3.2.3 build 13
[LWJGL] 	 OS: Windows 10 v10.0
[LWJGL] 	JRE: 1.8.0_201 amd64
[LWJGL] 	JVM: Java HotSpot(TM) 64-Bit Server VM v25.201-b09 by Oracle Corporation
[LWJGL] Loading JNI library: lwjgl
[LWJGL] 	Module: org.lwjgl
[LWJGL] 	Loaded from org.lwjgl.librarypath: C:\Users\Jirka\AppData\Local\Temp\lwjglJirka\3.2.3-build-13\lwjgl.dll
[LWJGL] Warning: Failed to instantiate memory allocator: org.lwjgl.system.jemalloc.JEmallocAllocator. Using the system default.
[LWJGL] MemoryUtil allocator: DebugAllocator
[LWJGL] Loading library: glfw
[LWJGL] 	Module: org.lwjgl.glfw
[LWJGL] 	Loaded from org.lwjgl.librarypath: C:\Users\Jirka\AppData\Local\Temp\lwjglJirka\3.2.3-build-13\glfw.dll
[LWJGL] Loading JNI library: lwjgl_stb
[LWJGL] 	Module: org.lwjgl.stb
[LWJGL] 	Loaded from org.lwjgl.librarypath: C:\Users\Jirka\AppData\Local\Temp\lwjglJirka\3.2.3-build-13\lwjgl_stb.dll
[LWJGL] Loading JNI library: lwjgl_opengl
[LWJGL] 	Module: org.lwjgl.opengl
[LWJGL] 	Loaded from org.lwjgl.librarypath: C:\Users\Jirka\AppData\Local\Temp\lwjglJirka\3.2.3-build-13\lwjgl_opengl.dll
[LWJGL] Loading library: opengl32
[LWJGL] 	Module: org.lwjgl.opengl
[LWJGL] 	opengl32.dll not found in org.lwjgl.librarypath=C:\Users\Jirka\AppData\Local\Temp\lwjglJirka\3.2.3-build-13
[LWJGL] 	Loaded from system paths: C:\WINDOWS\SYSTEM32\opengl32.dll
[LWJGL] Loading library: OpenAL
[LWJGL] 	Module: org.lwjgl.openal
[LWJGL] 	Loaded from org.lwjgl.librarypath: C:\Users\Jirka\AppData\Local\Temp\lwjglJirka\3.2.3-build-13\OpenAL.dll
UPS: 231   FPS: 1
UPS: 13   FPS: 1
UPS: 3   FPS: 1
UPS: 3   FPS: 1
1 1 1 1 1 1 1 1 1 1 1 1 1 1 1 1 1 1 1 1 1 1 1 1 1 1 1 1 1 1 1 1 1 1 1 1 1 1 1 1 1 1 1 1 1 1 1 1 1 1 1 1 1 1 1 1 1 1 1 1 1 1 1 1 1 1 1 1 1 1 1 1 1 1 1 1 1 1 1 1 1 1 1 1 1 1 1 1 1 1 1 1 1 1 1 1 1 1 1 1 1 1 1 1 1 1 1 1 1 1 1 1 1 1 1 1 1 
1 0 0 0 0 0 0 0 0 0 0 0 0 0 0 0 0 0 0 0 0 1 1 1 1 0 0 0 0 0 0 0 0 0 0 0 0 0 0 0 0 0 0 0 0 0 0 0 0 0 0 0 1 1 1 1 1 1 1 1 1 1 1 1 1 1 1 1 1 1 1 1 1 1 1 1 1 1 1 1 1 1 1 1 1 1 1 1 1 1 1 1 1 1 1 1 1 1 1 1 1 1 1 1 1 1 1 1 1 1 1 1 1 1 1 1 1 
1 0 0 0 0 0 0 0 0 0 0 0 0 0 0 0 0 0 0 0 0 1 1 1 1 0 0 0 0 0 0 0 0 0 0 0 0 0 0 0 0 0 0 0 0 0 0 0 0 0 0 0 1 1 1 1 1 1 1 1 1 1 1 1 1 1 1 1 1 1 1 1 1 1 1 1 1 1 1 1 1 1 1 1 1 1 1 1 1 1 1 1 1 1 1 1 1 1 1 1 1 1 1 1 1 1 1 1 1 1 1 1 1 1 1 1 1 
1 0 0 0 0 0 0 0 0 0 0 0 0 0 0 0 0 0 0 0 0 1 1 1 1 0 0 0 0 0 0 0 0 0 0 0 0 0 0 0 0 0 0 0 0 0 0 0 0 0 0 0 1 1 1 1 1 1 1 1 1 1 1 1 1 1 1 1 1 1 1 1 1 1 1 1 1 1 1 1 1 1 1 1 1 1 1 1 1 1 1 1 1 1 1 1 1 1 1 1 1 1 1 1 1 1 1 1 1 1 1 1 1 1 1 1 1 
1 0 0 0 0 0 0 0 0 0 0 0 0 0 0 0 0 0 0 0 0 1 1 1 1 0 0 0 0 0 0 0 0 0 0 0 0 0 0 0 0 0 0 0 0 0 0 0 0 0 0 0 1 1 1 1 1 1 1 1 1 1 1 1 1 1 1 1 1 1 1 1 1 1 1 1 1 1 1 1 1 1 1 1 1 1 1 1 1 1 1 1 1 1 1 1 1 1 1 1 1 1 1 1 1 1 1 1 1 1 1 1 1 1 1 1 1 
1 0 0 0 0 0 0 0 0 0 0 0 0 0 0 0 0 0 0 0 0 1 1 1 1 0 0 0 0 0 0 0 0 0 0 0 0 0 0 0 0 0 0 0 0 0 0 0 0 0 0 0 1 1 1 1 1 1 1 1 1 1 1 1 1 1 1 1 1 1 1 1 1 1 1 1 1 1 1 1 1 1 1 1 1 1 1 1 1 1 1 1 1 1 1 1 1 1 1 1 1 1 1 1 1 1 1 1 1 1 1 1 1 1 1 1 1 
1 0 0 0 0 0 0 0 0 0 0 0 1 1 1 0 0 0 0 0 0 1 1 1 1 0 0 0 0 0 0 0 0 0 0 0 0 0 0 0 0 0 0 0 0 0 0 0 0 0 0 0 1 1 1 1 1 1 1 1 1 1 1 1 1 1 1 1 1 1 1 1 1 1 1 1 1 1 1 1 1 1 1 1 1 1 1 1 1 1 1 1 1 1 1 1 1 1 1 1 1 1 1 1 1 1 1 1 1 1 1 1 1 1 1 1 1 
1 0 0 0 0 0 0 0 0 0 0 0 1 1 1 1 1 0 0 0 0 0 0 0 0 0 0 0 0 0 0 0 0 0 0 0 0 0 0 0 0 0 0 0 0 0 0 0 0 0 0 0 1 1 1 1 1 1 1 1 1 1 1 1 1 1 1 1 1 1 1 1 1 1 1 1 1 1 1 1 1 1 1 1 1 1 1 1 1 1 1 1 1 1 1 1 1 1 1 1 1 1 1 1 1 1 1 1 1 1 1 1 1 1 1 1 1 
1 0 0 0 0 0 0 0 0 0 0 0 1 1 1 1 1 0 0 0 0 0 0 0 0 0 0 0 0 0 0 0 0 0 0 0 0 0 0 0 0 0 0 0 0 0 0 0 0 0 0 0 1 1 1 1 1 1 1 1 1 1 1 1 1 1 1 1 1 1 1 1 1 1 1 1 1 1 1 1 1 1 1 1 1 1 1 1 1 1 1 1 1 1 1 1 1 1 1 1 1 1 1 1 1 1 1 1 1 1 1 1 1 1 1 1 1 
1 0 0 0 0 0 0 0 0 0 0 0 0 0 0 0 0 0 0 0 0 1 1 1 1 0 0 0 0 0 0 0 0 0 0 0 0 0 0 0 0 0 0 0 0 0 0 0 0 0 0 0 1 1 1 1 1 1 1 1 1 1 1 1 1 1 1 1 1 1 1 1 1 1 1 1 1 1 1 1 1 1 1 1 1 1 1 1 1 1 1 1 1 1 1 1 1 1 1 1 1 1 1 1 1 1 1 1 1 1 1 1 1 1 1 1 1 
1 0 0 0 0 0 0 0 0 0 0 0 0 0 0 0 0 0 0 0 0 1 1 1 1 0 0 0 0 0 0 0 0 0 0 0 0 0 0 0 0 0 0 0 0 0 0 0 0 0 0 0 1 1 1 1 1 1 1 1 1 1 1 1 1 1 1 1 1 1 1 1 1 1 1 1 1 1 1 1 1 1 1 1 1 1 1 1 1 1 1 1 1 1 1 1 1 1 1 1 1 1 1 1 1 1 1 1 1 1 1 1 1 1 1 1 1 
1 0 0 0 0 0 0 0 0 0 0 0 0 0 0 0 0 0 0 0 0 1 1 1 1 0 0 0 0 0 0 0 0 0 0 0 0 0 0 0 0 0 0 0 0 0 0 0 0 0 0 0 1 1 1 1 1 1 1 1 1 1 1 1 1 1 1 1 1 1 1 1 1 1 1 1 1 1 1 1 1 1 1 1 1 1 1 1 1 1 1 1 1 1 1 1 1 1 1 1 1 1 1 1 1 1 1 1 1 1 1 1 1 1 1 1 1 
1 0 0 0 0 0 0 0 0 0 0 0 0 0 0 0 0 0 0 0 0 1 1 1 1 0 0 0 0 0 0 0 0 0 0 0 0 0 0 0 0 0 0 0 0 0 0 0 0 0 0 0 1 1 1 1 1 1 1 1 1 1 1 1 1 1 1 1 1 1 1 1 1 1 1 1 1 1 1 1 1 1 1 1 1 1 1 1 1 1 1 1 1 1 1 1 1 1 1 1 1 1 1 1 1 1 1 1 1 1 1 1 1 1 1 1 1 
1 1 1 1 1 1 1 1 1 1 1 1 1 1 1 1 1 1 1 1 1 1 1 1 1 0 0 0 0 0 0 0 0 0 0 0 0 0 0 0 0 0 0 0 0 0 0 0 0 0 0 0 1 1 1 1 1 1 1 1 1 1 1 1 1 1 1 1 1 1 1 1 1 1 1 1 1 1 1 1 1 1 1 1 1 1 1 1 1 1 1 1 1 1 1 1 1 1 1 1 1 1 1 1 1 1 1 1 1 1 1 1 1 1 1 1 1 
1 1 1 1 1 1 1 1 1 1 1 1 1 1 1 1 1 1 1 1 1 1 1 1 1 0 0 0 0 0 0 0 0 0 0 0 0 0 0 0 0 0 0 0 0 0 0 0 0 0 0 0 1 1 1 1 1 1 1 1 1 1 1 1 1 1 1 1 1 1 1 1 1 1 1 1 1 1 1 1 1 1 1 1 1 1 1 1 1 1 1 1 1 1 1 1 1 1 1 1 1 1 1 1 1 1 1 1 1 1 1 1 1 1 1 1 1 
1 1 1 1 1 1 1 1 1 1 1 1 1 1 1 1 1 1 1 1 1 1 1 1 1 1 1 1 1 1 1 1 1 1 1 1 1 1 1 1 1 1 0 0 1 1 1 1 1 1 1 1 1 1 1 1 1 1 1 1 1 1 1 1 1 1 1 1 1 1 1 1 1 1 1 1 1 1 1 1 1 1 1 1 1 1 1 1 1 1 1 1 1 1 1 1 1 1 1 1 1 1 1 1 1 1 1 1 1 1 1 1 1 1 1 1 1 
1 1 1 1 1 1 1 1 1 1 1 1 1 1 1 1 1 1 1 1 1 1 1 1 1 1 1 1 1 1 1 1 1 1 1 1 1 1 1 1 1 1 0 0 1 1 1 1 1 1 1 1 1 1 1 1 1 1 1 1 1 1 1 1 1 1 1 1 1 1 1 1 1 1 1 1 1 1 1 1 1 1 1 1 1 1 1 1 1 1 1 1 1 1 1 1 1 1 1 1 1 1 1 1 1 1 1 1 1 1 1 1 1 1 1 1 1 
1 1 1 1 1 1 1 1 1 1 1 1 1 1 1 1 1 1 1 1 1 1 1 1 1 1 1 1 1 1 1 1 1 1 1 1 1 1 1 1 1 1 0 0 1 1 1 1 1 1 1 1 1 1 1 1 1 1 1 1 1 1 1 1 1 1 1 1 1 1 1 1 1 1 1 1 1 1 1 1 1 1 1 1 1 1 1 1 1 1 1 1 1 1 1 1 1 1 1 1 1 1 1 1 1 1 1 1 1 1 1 1 1 1 1 1 1 
1 1 1 1 1 1 1 1 1 1 1 1 1 1 1 1 1 1 1 1 1 1 1 1 1 1 1 1 1 1 1 1 1 1 1 1 1 1 1 1 1 1 0 0 1 1 1 1 1 1 1 1 1 1 1 1 1 1 1 1 1 1 1 1 1 1 1 1 1 1 1 1 1 1 1 1 1 1 1 1 1 1 1 1 1 1 1 1 1 1 1 1 1 1 1 1 1 1 1 1 1 1 1 1 1 1 1 1 1 1 1 1 1 1 1 1 1 
1 1 1 1 1 1 1 1 1 1 1 1 1 1 1 1 1 1 1 1 1 1 1 1 1 1 1 1 1 1 1 1 0 0 0 0 0 0 0 0 0 0 0 0 0 0 0 0 0 0 0 0 0 0 0 0 0 0 0 1 1 1 1 1 1 1 1 1 1 1 1 1 1 1 1 1 1 1 1 1 1 1 1 1 1 1 1 1 1 1 1 1 1 1 1 1 1 1 1 1 1 1 1 1 1 1 1 1 1 1 1 1 1 1 1 1 1 
1 1 1 1 1 1 1 1 1 1 1 1 1 1 1 1 1 1 1 1 1 1 1 1 1 1 1 1 1 1 1 1 0 0 0 0 0 0 0 0 0 0 0 0 0 0 0 0 0 0 0 0 0 0 0 0 0 0 0 1 1 1 1 1 1 1 1 1 1 1 1 1 1 1 1 1 1 1 1 1 1 1 1 1 1 1 1 1 1 1 1 1 1 1 1 1 1 1 1 1 1 1 1 1 1 1 1 1 1 1 1 1 1 1 1 1 1 
1 1 1 1 1 1 1 1 1 1 1 1 1 1 1 1 1 1 1 1 1 1 1 1 1 1 1 1 1 1 1 1 0 0 0 0 0 0 0 0 0 0 0 0 0 0 0 0 0 0 0 0 0 0 0 0 0 0 0 1 1 1 1 1 1 1 1 1 1 1 1 1 1 1 1 1 1 1 1 1 1 1 1 1 1 1 1 1 1 1 1 1 1 1 1 1 1 1 1 1 1 1 1 1 1 1 1 1 1 1 1 1 1 1 1 1 1 
1 1 1 1 1 1 1 1 1 1 1 1 1 1 1 1 1 1 1 1 1 1 1 1 1 1 1 1 1 1 1 1 0 0 0 0 0 0 0 0 0 0 0 0 0 0 0 0 0 0 0 0 0 0 0 0 0 0 0 1 1 1 1 1 1 1 1 1 1 1 1 1 1 1 1 1 1 1 1 1 1 1 1 1 1 1 1 1 1 1 1 1 1 1 1 1 1 1 1 1 1 1 1 1 1 1 1 1 1 1 1 1 1 1 1 1 1 
1 1 1 1 1 1 1 1 1 1 1 1 1 1 1 1 1 1 1 1 1 1 1 1 1 1 1 1 1 1 1 1 0 0 0 0 0 0 0 0 0 0 0 0 0 0 0 0 0 0 0 0 0 0 0 0 0 0 0 1 1 1 1 1 1 1 1 1 1 1 1 1 1 1 1 1 1 1 1 1 1 1 1 1 1 1 1 1 1 1 1 1 1 1 1 1 1 1 1 1 1 1 1 1 1 1 1 1 1 1 1 1 1 1 1 1 1 
1 1 1 1 1 1 1 1 1 1 1 1 1 1 1 1 1 1 1 1 1 1 1 1 1 1 1 1 1 1 1 1 0 0 0 0 0 0 0 0 0 0 0 0 0 0 0 0 0 0 0 0 0 0 0 0 0 0 0 1 1 1 1 1 1 1 1 1 1 1 1 1 1 1 1 1 1 1 1 1 1 1 1 1 1 1 1 1 1 1 1 1 1 1 1 1 1 1 1 1 1 1 1 1 1 1 1 1 1 1 1 1 1 1 1 1 1 
1 1 1 1 1 1 1 1 1 1 1 1 1 1 1 1 1 1 1 1 1 1 1 1 1 1 1 1 1 1 1 1 0 0 0 0 0 0 0 0 0 0 0 0 0 0 0 0 0 0 0 0 0 0 0 0 0 0 0 1 1 1 1 1 1 1 1 1 1 1 1 1 1 1 1 1 1 1 1 1 1 1 1 1 1 1 1 1 1 1 1 1 1 1 1 1 1 1 1 1 1 1 1 1 1 1 1 1 1 1 1 1 1 1 1 1 1 
1 1 1 1 1 1 1 1 1 1 1 1 1 1 1 1 1 1 1 1 1 1 1 1 1 1 1 1 1 1 1 1 0 0 0 0 0 0 0 0 0 0 0 0 0 0 0 0 0 0 0 0 0 0 0 0 0 0 0 1 1 1 1 1 1 1 1 1 1 1 1 1 1 1 1 1 1 1 1 1 1 1 1 1 1 1 1 1 1 1 1 1 1 1 1 1 1 1 1 1 1 1 1 1 1 1 1 1 1 1 1 1 1 1 1 1 1 
1 1 1 1 1 1 1 1 1 1 1 1 1 1 1 1 1 1 1 1 1 1 1 1 1 1 1 1 1 1 1 1 0 0 0 0 0 0 0 0 0 0 0 0 0 0 0 0 0 0 0 0 0 0 0 0 0 0 0 1 1 1 1 1 1 1 1 1 1 1 1 1 1 1 1 1 1 1 1 1 1 1 1 1 1 1 1 1 1 1 1 1 1 1 1 1 1 1 1 1 1 1 1 1 1 1 1 1 1 1 1 1 1 1 1 1 1 
1 1 1 1 1 1 1 1 1 1 1 1 1 1 1 1 1 1 1 1 1 1 1 1 1 1 1 1 1 1 1 1 0 0 0 0 0 0 0 0 0 0 0 0 0 0 0 0 0 0 0 0 0 0 0 0 0 0 0 1 1 1 1 1 1 1 1 1 1 1 1 1 1 1 1 1 1 1 1 1 1 1 1 1 1 1 1 1 1 1 1 1 1 1 1 1 1 1 1 1 1 1 1 1 1 1 1 1 1 1 1 1 1 1 1 1 1 
1 1 1 1 1 1 1 1 1 1 1 1 1 1 1 1 1 1 1 1 1 1 1 1 1 1 1 1 1 1 1 1 0 0 0 0 0 0 0 0 0 0 0 0 0 0 0 0 0 0 0 0 0 0 0 0 0 0 0 1 1 1 1 1 1 1 1 1 1 1 1 1 1 1 1 1 1 1 1 1 1 1 1 1 1 1 1 1 1 1 1 1 1 1 1 1 1 1 1 1 1 1 1 1 1 1 1 1 1 1 1 1 1 1 1 1 1 
1 1 1 1 1 1 1 1 1 1 1 1 1 1 1 1 1 1 1 1 1 1 1 1 1 1 1 1 1 1 1 1 0 0 0 0 0 0 0 0 0 0 0 0 0 0 0 0 0 0 0 0 0 0 0 0 0 0 0 1 1 1 1 1 1 1 1 1 1 1 1 1 1 1 1 1 1 1 1 1 1 1 1 1 1 1 1 1 1 1 1 1 1 1 1 1 1 1 1 1 1 1 1 1 1 1 1 1 1 1 1 1 1 1 1 1 1 
1 1 1 1 1 1 1 1 1 1 1 1 1 1 1 1 1 1 1 1 1 1 1 1 1 1 1 1 1 1 1 1 0 0 0 0 0 0 0 0 0 0 0 0 0 0 0 0 0 0 0 0 0 0 0 0 0 0 0 1 1 1 1 1 1 1 1 1 1 1 1 1 1 1 1 1 1 1 1 1 1 1 1 1 1 1 1 1 1 1 1 1 1 1 1 1 1 1 1 1 1 1 1 1 1 1 1 1 1 1 1 1 1 1 1 1 1 
1 1 1 1 1 1 1 1 1 1 1 1 1 1 1 1 1 1 1 1 1 1 1 1 1 1 1 1 1 1 1 1 0 0 0 0 0 0 0 0 0 0 0 0 0 0 0 0 0 0 0 0 0 0 0 0 0 0 0 1 1 1 1 1 1 1 1 1 1 1 1 1 1 1 1 1 1 1 1 1 1 1 1 1 1 1 1 1 1 1 1 1 1 1 1 1 1 1 1 1 1 1 1 1 1 1 1 1 1 1 1 1 1 1 1 1 1 
1 1 1 1 1 1 1 1 1 1 1 1 1 1 1 1 1 1 1 1 1 1 1 1 1 1 1 1 1 1 1 1 1 1 1 1 1 1 1 1 1 1 1 1 1 0 0 1 1 1 1 1 1 1 1 1 1 1 1 1 1 1 1 1 1 1 1 1 1 1 1 1 1 1 1 1 1 1 1 1 1 1 1 1 1 1 1 1 1 1 1 1 1 1 1 1 1 1 1 1 1 1 1 1 1 1 1 1 1 1 1 1 1 1 1 1 1 
1 1 1 1 1 1 1 1 1 1 1 1 1 1 1 1 1 1 1 1 1 1 1 1 1 1 1 1 1 1 1 1 1 1 1 1 1 1 1 1 1 1 1 1 1 0 0 1 1 1 1 1 1 1 1 1 1 1 1 1 1 1 1 1 1 1 1 1 1 1 1 1 1 1 1 1 1 1 1 1 1 1 1 1 1 1 1 1 1 1 1 1 1 1 1 1 1 1 1 1 1 1 1 1 1 1 1 1 1 1 1 1 1 1 1 1 1 
1 1 1 1 1 1 1 1 1 1 1 1 1 1 1 1 1 1 1 1 1 1 1 1 1 1 1 1 1 1 1 1 1 1 1 1 1 1 1 1 1 1 1 1 1 0 0 1 1 1 1 1 1 1 1 1 1 1 1 1 1 1 1 1 1 1 1 1 1 1 1 1 1 1 1 1 1 1 1 1 1 1 1 1 1 1 1 1 1 1 1 1 1 1 1 1 1 1 1 1 1 1 1 1 1 1 1 1 1 1 1 1 1 1 1 1 1 
1 1 1 1 1 1 1 1 1 1 1 1 1 1 1 1 1 1 1 1 1 1 1 1 1 1 1 1 1 1 1 1 1 1 1 1 1 1 1 1 1 1 1 1 1 0 0 1 1 1 1 1 1 1 1 1 1 1 1 1 1 1 1 1 1 1 1 1 1 1 1 1 1 1 1 1 1 1 1 1 1 1 1 1 1 1 1 1 1 1 1 1 1 1 1 1 1 1 1 1 1 1 1 1 1 1 1 1 1 1 1 1 1 1 1 1 1 
1 0 0 0 0 0 0 0 0 0 0 0 0 0 0 0 0 0 0 0 0 0 0 0 0 0 0 0 1 1 1 1 0 0 0 0 0 0 0 0 0 0 0 0 0 0 0 0 0 0 0 0 0 0 0 0 0 0 0 1 1 1 1 0 0 0 0 0 0 0 0 0 0 0 0 0 0 0 0 0 0 0 0 1 1 1 1 0 0 0 0 0 0 0 0 0 0 0 0 0 0 0 0 0 0 0 0 0 0 0 0 0 0 0 1 1 1 
1 0 0 0 0 0 0 0 0 0 0 0 0 0 0 0 0 0 0 0 0 0 0 0 0 0 0 0 1 1 1 1 0 0 0 0 0 0 0 0 0 0 0 0 0 0 0 0 0 0 0 0 0 0 0 0 0 0 0 1 1 1 1 0 0 0 0 0 0 0 0 0 0 0 0 0 0 0 0 0 0 0 0 1 1 1 1 0 0 0 0 0 0 0 0 0 0 0 0 0 0 0 0 0 0 0 0 0 0 0 0 0 0 0 1 1 1 
1 0 0 0 0 0 0 0 0 0 0 0 0 0 0 0 0 0 0 0 0 0 0 0 0 0 0 0 1 1 1 1 0 0 0 0 0 0 0 0 0 0 0 0 0 0 0 0 0 0 0 0 0 0 0 0 0 0 0 1 1 1 1 0 0 0 0 0 0 0 0 0 0 0 0 0 0 0 0 0 0 0 0 1 1 1 1 0 0 0 0 0 0 0 0 0 0 0 0 0 0 0 0 0 0 0 0 0 0 0 0 0 0 0 1 1 1 
1 0 0 0 0 0 0 0 0 0 0 0 0 0 0 0 0 0 0 0 0 0 0 0 0 0 0 0 1 1 1 1 0 0 0 0 0 0 0 0 0 0 0 0 0 0 0 0 0 0 0 0 0 0 0 0 0 0 0 1 1 1 1 0 0 0 0 0 0 0 0 0 0 0 0 0 0 0 0 0 0 0 0 1 1 1 1 0 0 0 0 0 0 0 0 0 0 0 0 0 0 0 0 0 0 0 0 0 0 0 0 0 0 0 1 1 1 
1 0 0 0 0 0 0 0 0 0 0 0 0 0 0 0 0 0 0 0 0 0 0 0 0 0 0 0 1 1 1 1 0 0 0 0 0 0 0 0 0 0 0 0 0 0 0 0 0 0 0 0 0 0 0 0 0 0 0 1 1 1 1 0 0 0 0 0 0 0 0 0 0 0 0 0 0 0 0 0 0 0 0 1 1 1 1 0 0 0 0 0 0 0 0 0 0 0 0 0 0 0 0 0 0 0 0 0 0 0 0 0 0 0 1 1 1 
1 0 0 0 0 0 0 0 0 0 0 0 0 0 0 0 0 0 0 0 0 0 0 0 0 0 0 0 1 1 1 1 0 0 0 0 0 0 0 0 0 0 0 0 0 0 0 0 0 0 0 0 0 0 0 0 0 0 0 0 0 0 0 0 0 0 0 0 0 0 0 0 0 0 1 1 1 0 0 0 0 0 0 1 1 1 1 0 0 0 0 0 0 0 0 0 0 0 0 0 0 0 0 0 0 0 0 0 0 0 0 0 0 0 1 1 1 
1 0 0 0 0 0 0 0 0 0 0 0 0 0 0 0 0 0 0 0 0 0 0 0 0 0 0 0 0 0 0 0 0 0 0 0 0 0 0 0 0 0 0 0 0 0 0 0 0 0 0 0 0 0 0 0 0 0 0 0 0 0 0 0 0 0 0 0 0 0 0 0 0 0 1 1 1 1 1 0 0 0 0 0 0 0 0 0 0 0 0 0 0 0 0 0 0 0 0 0 0 0 0 0 0 0 0 0 0 0 0 0 0 0 1 1 1 
1 0 0 0 0 0 0 0 0 0 0 0 0 0 0 0 0 0 0 0 0 0 0 0 0 0 0 0 0 0 0 0 0 0 0 0 0 0 0 0 0 0 0 0 0 0 0 0 0 0 0 0 0 0 0 0 0 0 0 1 1 1 1 0 0 0 0 0 0 0 0 0 0 0 1 1 1 1 1 0 0 0 0 0 0 0 0 0 0 0 0 0 0 0 0 0 0 0 0 0 0 0 0 0 0 0 0 0 0 0 0 0 0 0 1 1 1 
1 0 0 0 0 0 0 0 0 0 0 0 0 0 0 0 0 0 0 0 0 0 0 0 0 0 0 0 1 1 1 1 0 0 0 0 0 0 0 0 0 0 0 0 0 0 0 0 0 0 0 0 0 0 0 0 0 0 0 1 1 1 1 0 0 0 0 0 0 0 0 0 0 0 0 0 0 0 0 0 0 0 0 1 1 1 1 0 0 0 0 0 0 0 0 0 0 0 0 0 0 0 0 0 0 0 0 0 0 0 0 0 0 0 1 1 1 
1 0 0 0 0 0 0 0 0 0 0 0 0 0 0 0 0 0 0 0 0 0 0 0 0 0 0 0 1 1 1 1 0 0 0 0 0 0 0 0 0 0 0 0 0 0 0 0 0 0 0 0 0 0 0 0 0 0 0 1 1 1 1 0 0 0 0 0 0 0 0 0 0 0 0 0 0 0 0 0 0 0 0 1 1 1 1 0 0 0 0 0 0 0 0 0 0 0 0 0 0 0 0 0 0 0 0 0 0 0 0 0 0 0 1 1 1 
1 0 0 0 0 0 0 0 0 0 0 0 0 0 0 0 0 0 0 0 0 0 0 0 0 0 0 0 1 1 1 1 0 0 0 0 0 0 0 0 0 0 0 0 0 0 0 0 0 0 0 0 0 0 0 0 0 0 0 1 1 1 1 0 0 0 0 0 0 0 0 0 0 0 0 0 0 0 0 0 0 0 0 1 1 1 1 0 0 0 0 0 0 0 0 0 0 0 0 0 0 0 0 0 0 0 0 0 0 0 0 0 0 0 1 1 1 
1 0 0 0 0 0 0 0 0 0 0 0 0 0 0 0 0 0 0 0 0 0 0 0 0 0 0 0 1 1 1 1 0 0 0 0 0 0 0 0 0 0 0 0 0 0 0 0 0 0 0 0 0 0 0 0 0 0 0 1 1 1 1 0 0 0 0 0 0 0 0 0 0 0 0 0 0 0 0 0 0 0 0 1 1 1 1 0 0 0 0 0 0 0 0 0 0 0 0 0 0 0 0 0 0 0 0 0 0 0 0 0 0 0 1 1 1 
1 0 0 0 0 0 0 0 0 0 0 0 0 0 0 0 0 0 0 0 0 0 0 0 0 0 0 0 1 1 1 1 0 0 0 0 0 0 0 0 0 0 0 0 0 0 0 0 0 0 0 0 0 0 0 0 0 0 0 1 1 1 1 1 1 1 1 1 1 1 1 1 1 1 1 1 1 1 1 1 1 1 1 1 1 1 1 0 0 0 0 0 0 0 0 0 0 0 0 0 0 0 0 0 0 0 0 0 0 0 0 0 0 0 1 1 1 
1 0 0 0 0 0 0 0 0 0 0 0 0 0 0 0 0 0 0 0 0 0 0 0 0 0 0 0 1 1 1 1 0 0 0 0 0 0 0 0 0 0 0 0 0 0 0 0 0 0 0 0 0 0 0 0 0 0 0 1 1 1 1 1 1 1 1 1 1 1 1 1 1 1 1 1 1 1 1 1 1 1 1 1 1 1 1 0 0 0 0 0 0 0 0 0 0 0 0 0 0 0 0 0 0 0 0 0 0 0 0 0 0 0 1 1 1 
1 1 1 1 1 1 1 1 1 1 1 1 1 1 1 1 1 1 1 1 1 1 1 1 1 1 1 1 1 1 1 1 1 1 1 1 1 1 1 1 1 1 1 1 1 1 1 1 1 1 1 1 1 1 1 1 1 1 1 1 1 1 1 1 1 1 1 1 1 1 1 1 1 1 1 1 1 1 1 1 1 1 1 1 1 1 1 1 1 1 1 1 1 1 1 1 1 1 1 1 1 1 1 1 1 1 1 1 1 1 1 1 1 1 1 1 1 
1 1 1 1 1 1 1 1 1 1 1 1 1 1 1 1 1 1 1 1 1 1 1 1 1 1 1 1 1 1 1 1 1 1 1 1 1 1 1 1 1 1 1 1 1 1 1 1 1 1 1 1 1 1 1 1 1 1 1 1 1 1 1 1 1 1 1 1 1 1 1 1 1 1 1 1 1 1 1 1 1 1 1 1 1 1 1 1 1 1 1 1 1 1 1 1 1 1 1 1 1 1 1 1 1 1 1 1 1 1 1 1 1 1 1 1 1 
1 1 1 1 1 1 1 1 1 1 1 1 1 1 1 1 1 1 1 1 1 1 1 1 1 1 1 1 1 1 1 1 1 1 1 1 1 1 1 1 1 1 1 1 1 1 1 1 1 1 1 1 1 1 1 1 1 1 1 1 1 1 1 1 1 1 1 1 1 1 1 1 1 1 1 1 1 1 1 1 1 1 1 1 1 1 1 1 1 1 1 1 1 1 1 1 1 1 1 1 1 1 1 1 1 1 1 1 1 1 1 1 1 1 1 1 1 


Time: 4.6714144
Time: 4.6763166
Time: 4.6770093
Time: 4.6774328
Time: 4.677902
Time: 4.678363
Time: 4.6788375
Time: 4.6791977
UPS: 41   FPS: 36
Time: 4.6988117
Time: 4.7003775
Time: 4.7026485
Time: 4.7037823
Time: 4.7040524
Time: 4.7042978
Time: 4.7045348
Time: 4.704809
Time: 4.7050615
Time: 4.705358
Time: 4.7056213
Time: 4.7058987
Time: 4.7061511
Time: 4.7063959
Time: 4.7412439
Time: 4.7416256
Time: 4.741911
Time: 4.7806369
Time: 4.7810132
Time: 4.7909397
Time: 4.8073758
Time: 4.8240393
Time: 4.840519
Time: 4.857285
Time: 4.8739687
Time: 4.9072724
Time: 4.9076467
Time: 4.9247685
Time: 4.9411976
Time: 4.9572812
Time: 4.9737631
Time: 4.9904023
Time: 5.0074138
Time: 5.0240125
Time: 5.0404223
Time: 5.0570888
Time: 5.0737948
Time: 5.0906661
Time: 5.1072445
Time: 5.123614
Time: 5.1403667
Time: 5.1572276
Time: 5.1742093
Time: 5.1916254
Time: 5.2075972
Time: 5.2238654
Time: 5.2404226
Time: 5.2570557
Time: 5.2737324
Time: 5.2906101
Time: 5.3070346
Time: 5.3240905
Time: 5.3404512
Time: 5.3570826
Time: 5.3736508
Time: 5.3905885
Time: 5.4075116
Time: 5.4245444
Time: 5.4594756
Time: 5.4595956
Time: 5.4740235
Time: 5.4904139
Time: 5.5071616
Time: 5.523796
Time: 5.5403767
Time: 5.5569768
Time: 5.5737344
Time: 5.5905151
UPS: 68   FPS: 54
Time: 5.6214662
Time: 5.6215668
Time: 5.6430482
Time: 5.6577997
Time: 5.6771457
Time: 5.6917048
Time: 5.7074211
Time: 5.7249926
Time: 5.7404636
Time: 5.757145
Time: 5.7740656
Time: 5.7905245
Time: 5.8074408
Time: 5.8247108
Time: 5.8411426
Time: 5.8792636
Time: 5.8796396
Time: 5.8908871
Time: 5.9101843
Time: 5.9256663
Time: 5.9403368
Time: 5.9569948
Time: 5.9887125
Time: 5.9888213
Time: 6.0073292
Time: 6.0239462
Time: 6.0405771
Time: 6.072972
Time: 6.0736035
Time: 6.0903898
Time: 6.107332
Time: 6.1237378
Time: 6.1404833
Time: 6.1572452
Time: 6.1739344
Time: 6.1909039
Time: 6.2075934
Time: 6.2245957
Time: 6.2407818
Time: 6.2575255
Time: 6.2893578
Time: 6.2894726
Time: 6.3072277
Time: 6.3241567
Time: 6.3408102
Time: 6.3570595
Time: 6.3737605
Time: 6.3904173
Time: 6.4071381
Time: 6.4235796
Time: 6.4402082
Time: 6.4574029
Time: 6.4736371
Time: 6.4905469
Time: 6.5072149
Time: 6.5236172
Time: 6.5405459
Time: 6.5571
Time: 6.5738209
Time: 6.5904446
UPS: 60   FPS: 60
Time: 6.6219731
Time: 6.6220849
Time: 6.640441
Time: 6.6570917
Time: 6.6739685
Time: 6.690215
Time: 6.7072429
Time: 6.7238983
Time: 6.7404909
Time: 6.7570933
Time: 6.7738747
Time: 6.7904924
Time: 6.8071679
Time: 6.823767
Time: 6.8405031
Time: 6.8573059
Time: 6.8736369
Time: 6.8906002
Time: 6.9073152
Time: 6.9239435
Time: 6.9405166
Time: 6.9574076
Time: 6.9739826
Time: 6.9904925
Time: 7.0072801
Time: 7.023977
Time: 7.0569844
Time: 7.0571095
Time: 7.0739016
Time: 7.0908752
Time: 7.1075095
Time: 7.1241649
Time: 7.1406811
Time: 7.1573185
Time: 7.1742401
Time: 7.1914854
Time: 7.2076055
Time: 7.2240725
Time: 7.2408825
Time: 7.2573426
Time: 7.2741111
Time: 7.2908219
Time: 7.3074676
Time: 7.3241262
Time: 7.340691
Time: 7.3574552
Time: 7.3740589
Time: 7.3907861
Time: 7.4076424
Time: 7.4244836
Time: 7.4408336
Time: 7.4572977
Time: 7.4741337
Time: 7.490874
Time: 7.5077344
Time: 7.52421
Time: 7.5409551
Time: 7.5572985
Time: 7.5742118
Time: 7.5911075
UPS: 60   FPS: 60
Time: 7.6230533
Time: 7.6231698
Time: 7.6407568
Time: 7.6575064
Time: 7.6740556
Time: 7.6908311
Time: 7.7079196
Time: 7.7240969
Time: 7.7409275
Time: 7.7574384
Time: 7.7741042
Time: 7.7907748
Time: 7.8075089
Time: 7.8245217
Time: 7.8408456
Time: 7.8575612
Time: 7.8740458
Time: 7.8910567
Time: 7.9079742
Time: 7.9240148
Time: 7.9407646
Time: 7.95724
Time: 7.973999
Time: 7.9908527
Time: 8.0074152
Time: 8.0242058
Time: 8.0407251
Time: 8.0575509
Time: 8.0741586
Time: 8.0908112
Time: 8.1074686
Time: 8.1242349
Time: 8.1407895
Time: 8.1574232
Time: 8.1742761
Time: 8.190909
Time: 8.2076948
Time: 8.2243061
Time: 8.2406756
Time: 8.2575305
Time: 8.2739542
Time: 8.2908169
Time: 8.3125661
Time: 8.3243239
Time: 8.3409097
Time: 8.3572844
Time: 8.3740456
Time: 8.3910616
Time: 8.4072938
Time: 8.4241919
Time: 8.4407185
Time: 8.4576125
Time: 8.4740047
Time: 8.4907594
Time: 8.5078171
Time: 8.5241649
Time: 8.5408187
Time: 8.5576566
Time: 8.5743547
Time: 8.5908398
UPS: 60   FPS: 60
Time: 8.6219327
Time: 8.622086
Time: 8.6406811
Time: 8.6580717
Time: 8.6739602
Time: 8.690698
Time: 8.7076337
Time: 8.7241666
Time: 8.7410057
Time: 8.7572687
Time: 8.7740431
Time: 8.790906
Time: 8.8074111
Time: 8.824187
Time: 8.8407561
Time: 8.8575328
Time: 8.8744815
Time: 8.8908113
Time: 8.9075462
Time: 8.9241298
Time: 8.9408149
Time: 8.9573737
Time: 8.9741621
Time: 8.9908822
Time: 9.0073795
Time: 9.024303
Time: 9.0408872
Time: 9.0574506
Time: 9.0739934
Time: 9.090786
Time: 9.1076766
Time: 9.1241468
Time: 9.1409237
Time: 9.1573405
Time: 9.1742041
Time: 9.1909547
Time: 9.2077287
Time: 9.2242263
Time: 9.2407784
Time: 9.257486
Time: 9.2740729
Time: 9.2909615
Time: 9.3074084
Time: 9.3240404
Time: 9.3408714
Time: 9.3572795
Time: 9.3740195
Time: 9.3909686
Time: 9.4074925
Time: 9.4242956
Time: 9.4407886
Time: 9.4576102
Time: 9.4739024
Time: 9.4907198
Time: 9.5075996
Time: 9.5240062
Time: 9.5408229
Time: 9.5573155
Time: 9.5740513
Time: 9.5914809
UPS: 60   FPS: 60
Time: 9.6218684
Time: 9.621963
Time: 9.6406792
Time: 9.6573146
Time: 9.6748371
Time: 9.6907163
Time: 9.7075287
Time: 9.7242103
Time: 9.7407141
Time: 9.7574361
Time: 9.7740927
Time: 9.7906721
Time: 9.8079227
Time: 9.8243108
Time: 9.8410885
Time: 9.857444
Time: 9.8741408
Time: 9.8907809
Time: 9.9080737
Time: 9.9241521
Time: 9.9406063
Time: 9.9572551
Time: 9.974025
Time: 9.9907734
Time: 10.0079331
Time: 10.0240467
Time: 10.0411114
Time: 10.0573038
Time: 10.0740897
Time: 10.0907221
Time: 10.1072998
Time: 10.1240317
Time: 10.1405786
Time: 10.1579044
Time: 10.1740005
Time: 10.1909034
Time: 10.2076398
Time: 10.2239673
Time: 10.240668
Time: 10.2572833
Time: 10.273904
Time: 10.2908911
Time: 10.3072322
Time: 10.324
Time: 10.3407365
Time: 10.357295
Time: 10.3741467
Time: 10.3908895
Time: 10.4075102
Time: 10.4239582
Time: 10.4407959
Time: 10.4573924
Time: 10.4742154
Time: 10.4907716
Time: 10.5072678
Time: 10.5240592
Time: 10.540557
Time: 10.5576302
Time: 10.5739806
Time: 10.590542
UPS: 60   FPS: 60
Time: 10.6228546
Time: 10.6229599
Time: 10.6409337
Time: 10.6573905
Time: 10.6741163
Time: 10.6907455
Time: 10.7073449
Time: 10.7350935
Time: 10.7406724
Time: 10.7572595
Time: 10.7738504
Time: 10.7907607
Time: 10.8075913
Time: 10.8241444
Time: 10.8406183
Time: 10.857321
Time: 10.8739042
Time: 10.8907315
Time: 10.9074716
Time: 10.9239564
Time: 10.9405518
Time: 10.9572126
Time: 10.9739753
Time: 10.9906001
Time: 11.0073494
Time: 11.0241218
Time: 11.0405795
Time: 11.0572861
Time: 11.0737958
Time: 11.0909148
Time: 11.1080598
Time: 11.1239321
Time: 11.1406812
Time: 11.1571719
Time: 11.1740346
Time: 11.1907592
Time: 11.2078019
Time: 11.2238621
Time: 11.240556
Time: 11.2571936
Time: 11.2738764
Time: 11.2906207
Time: 11.3073961
Time: 11.3239589
Time: 11.3412727
Time: 11.3578287
Time: 11.373921
Time: 11.390654
Time: 11.4074088
Time: 11.4241705
Time: 11.4406397
Time: 11.4573167
Time: 11.4738251
Time: 11.4905959
Time: 11.5075181
Time: 11.5243249
Time: 11.5406792
Time: 11.5571356
Time: 11.5739332
Time: 11.5913135
UPS: 60   FPS: 60
Time: 11.6236083
Time: 11.6236882
Time: 11.6405694
Time: 11.6573299
Time: 11.6738193
Time: 11.6906273
Time: 11.7072418
Time: 11.7239505
Time: 11.7406261
Time: 11.7572697
Time: 11.7739093
Time: 11.7905791
Time: 11.8072246
Time: 11.8240394
Time: 11.8405216
Time: 11.8571671
Time: 11.8737238
Time: 11.8906098
Time: 11.9073364
Time: 11.9240397
Time: 11.9405537
Time: 11.9572507
Time: 11.9745298
Time: 11.9911092
Time: 12.0075809
Time: 12.0240194
Time: 12.0408498
Time: 12.0572117
Time: 12.0738074
Time: 12.0905168
Time: 12.1072626
Time: 12.1238368
Time: 12.1405542
Time: 12.1577219
Time: 12.1739338
Time: 12.1905776
Time: 12.2074484
Time: 12.2244837
Time: 12.2405674
Time: 12.2572217
Time: 12.273734
Time: 12.2909195
Time: 12.3072339
Time: 12.3238578
Time: 12.3405107
Time: 12.3570615
Time: 12.3739158
Time: 12.390769
Time: 12.4072559
Time: 12.4240681
Time: 12.4411549
Time: 12.4573782
Time: 12.4737887
Time: 12.4906936
Time: 12.5074082
Time: 12.5240937
Time: 12.540538
Time: 12.5572899
Time: 12.5738943
Time: 12.5905421
UPS: 60   FPS: 60
Time: 12.6264945
Time: 12.6267909
Time: 12.6411801
Time: 12.6572413
Time: 12.6739846
Time: 12.6913377
Time: 12.7073413
Time: 12.723862
Time: 12.7405491
Time: 12.7571164
Time: 12.7739428
Time: 12.7907733
Time: 12.8072605
Time: 12.8243408
Time: 12.8406504
Time: 12.857449
Time: 12.8746265
Time: 12.8905374
Time: 12.9072735
Time: 12.9238695
Time: 12.9406052
Time: 12.9571356
Time: 12.9738332
Time: 12.9905027
Time: 13.0072286
Time: 13.0241253
Time: 13.0409795
Time: 13.0572472
Time: 13.0737517
Time: 13.0905954
Time: 13.1075178
Time: 13.1239382
Time: 13.1406869
Time: 13.1572431
Time: 13.1739185
Time: 13.1910414
Time: 13.2078557
Time: 13.2253011
Time: 13.2410562
Time: 13.2573765
Time: 13.2743344
Time: 13.2908138
Time: 13.3074025
Time: 13.3241356
Time: 13.3406788
Time: 13.3578554
Time: 13.3741192
Time: 13.39057
Time: 13.4081719
Time: 13.4245774
Time: 13.4408373
Time: 13.4573893
Time: 13.473733
Time: 13.4911391
Time: 13.5079764
Time: 13.5240021
Time: 13.5406601
Time: 13.5571173
Time: 13.5750468
Time: 13.5913118
UPS: 60   FPS: 60
Time: 13.623175
Time: 13.623393
Time: 13.6408963
Time: 13.6573784
Time: 13.6747605
Time: 13.6916503
Time: 13.7075017
Time: 13.7250551
Time: 13.7406834
Time: 13.7578882
Time: 13.7741092
Time: 13.790575
Time: 13.8079312
Time: 13.8245872
Time: 13.8408962
Time: 13.857346
Time: 13.8738025
Time: 13.8909441
Time: 13.90824
Time: 13.9244261
Time: 13.9406922
Time: 13.9571583
Time: 13.9741636
Time: 13.9912332
Time: 14.0076938
Time: 14.0238957
Time: 14.0406682
Time: 14.0574071
Time: 14.0746601
Time: 14.0909681
Time: 14.107304
Time: 14.1253976
Time: 14.1406747
Time: 14.1578885
Time: 14.1739479
Time: 14.1907916
Time: 14.2072682
Time: 14.2241065
Time: 14.2405964
Time: 14.2571975
Time: 14.2738203
Time: 14.290595
Time: 14.307423
Time: 14.3243849
Time: 14.3405877
Time: 14.3572112
Time: 14.3741436
Time: 14.3907515
Time: 14.4072963
Time: 14.4238708
Time: 14.4406913
Time: 14.4574889
Time: 14.4739712
Time: 14.4906317
Time: 14.5073816
Time: 14.5240187
Time: 14.5405536
Time: 14.5573585
Time: 14.5739688
Time: 14.5906256
UPS: 60   FPS: 60
Time: 14.6232274
Time: 14.6233292
Time: 14.6405913
Time: 14.6572629
Time: 14.67374
Time: 14.6906044
Time: 14.7073852
Time: 14.723889
Time: 14.7406088
Time: 14.7572729
Time: 14.773937
Time: 14.790931
Time: 14.8072485
Time: 14.8238016
Time: 14.8405293
Time: 14.8572092
Time: 14.8737641
Time: 14.8906503
Time: 14.9075134
Time: 14.9238384
Time: 14.9405925
Time: 14.9573339
Time: 14.9738851
Time: 14.9905836
Time: 15.0072639
Time: 15.0243743
Time: 15.0405458
Time: 15.0573261
Time: 15.073848
Time: 15.0904739
Time: 15.1073472
Time: 15.1241666
Time: 15.1405865
Time: 15.1572155
Time: 15.1744774
Time: 15.1912457
Time: 15.207366
Time: 15.2238744
Time: 15.2406016
Time: 15.2573189
Time: 15.2738185
Time: 15.2905319
Time: 15.3072004
Time: 15.3239735
Time: 15.3406796
Time: 15.3572776
Time: 15.3739204
Time: 15.3905721
Time: 15.4074151
Time: 15.4240033
Time: 15.4406641
Time: 15.4572469
Time: 15.4737208
Time: 15.4904714
Time: 15.5073479
Time: 15.5237785
Time: 15.5406326
Time: 15.5570307
Time: 15.5742147
Time: 15.5909176
UPS: 60   FPS: 60
Time: 15.6254541
Time: 15.6256692
Time: 15.6406853
Time: 15.6573576
Time: 15.6739228
Time: 15.6905831
Time: 15.7078676
Time: 15.7241178
Time: 15.7405613
Time: 15.757735
Time: 15.7739615
Time: 15.7904932
Time: 15.8072821
Time: 15.8239606
Time: 15.8410853
Time: 15.8571694
Time: 15.8739007
Time: 15.8915849
Time: 15.9080026
Time: 15.9242982
Time: 15.9404236
Time: 15.9575927
Time: 15.9745941
Time: 15.9912188
Time: 16.0073626
Time: 16.0242682
Time: 16.0413486
Time: 16.0581218
Time: 16.0745764
Time: 16.0905409
Time: 16.1071301
Time: 16.1240612
Time: 16.1404053
Time: 16.157297
Time: 16.1746414
Time: 16.1909252
Time: 16.2075771
Time: 16.2245097
Time: 16.2408883
Time: 16.2572111
Time: 16.2736958
Time: 16.2904849
Time: 16.3071457
Time: 16.3240933
Time: 16.3405804
Time: 16.3570101
Time: 16.3737319
Time: 16.39059
Time: 16.4071318
Time: 16.423754
Time: 16.4404539
Time: 16.4571621
Time: 16.4738664
Time: 16.4905434
Time: 16.5071606
Time: 16.5238466
Time: 16.5404422
Time: 16.5570883
Time: 16.5742
Time: 16.5905166
UPS: 60   FPS: 60
Time: 16.6237857
Time: 16.6238941
Time: 16.6405627
Time: 16.657095
Time: 16.6737827
Time: 16.6905933
Time: 16.7078254
Time: 16.7237962
Time: 16.7406275
Time: 16.7570141
Time: 16.7737677
Time: 16.7913227
Time: 16.807159
Time: 16.8237766
Time: 16.8404433
Time: 16.8570875
Time: 16.874244
Time: 16.8905022
Time: 16.9071594
Time: 16.9238862
Time: 16.940443
Time: 16.957229
Time: 16.973877
Time: 16.9904667
Time: 17.0072571
Time: 17.0243682
Time: 17.0406726
Time: 17.057574
Time: 17.0736705
Time: 17.0907009
Time: 17.1078827
Time: 17.124149
Time: 17.1405166
Time: 17.1571121
Time: 17.1740083
Time: 17.1928204
Time: 17.2074807
Time: 17.2237735
Time: 17.2414585
Time: 17.257254
Time: 17.274344
Time: 17.2907152
Time: 17.3072124
Time: 17.3242719
Time: 17.3404511
Time: 17.3604739
Time: 17.3742304
Time: 17.3905316
Time: 17.4078804
Time: 17.4244732
Time: 17.4407559
Time: 17.4572012
Time: 17.4736393
Time: 17.4908966
Time: 17.5077835
Time: 17.5240388
Time: 17.5420788
Time: 17.5570099
Time: 17.5741979
Time: 17.591063
UPS: 60   FPS: 60
Time: 17.6254669
Time: 17.6255334
Time: 17.6408434
Time: 17.6571497
Time: 17.6743031
Time: 17.6908336
Time: 17.7071907
Time: 17.7243015
Time: 17.7405795
Time: 17.7603088
Time: 17.7745759
Time: 17.7905841
Time: 17.8101529
Time: 17.8260052
Time: 17.840608
Time: 17.8571366
Time: 17.8736946
Time: 17.8905438
Time: 17.9073126
Time: 17.9237831
Time: 17.9405109
Time: 17.9567174
Time: 17.9737692
Time: 17.99077
Time: 18.0071048
Time: 18.0240453
Time: 18.0406526
Time: 18.0571355
Time: 18.0737279
Time: 18.0904866
Time: 18.1071607
Time: 18.1238264
Time: 18.1409577
Time: 18.1581172
Time: 18.1754215
Time: 18.1908883
Time: 18.2073739
Time: 18.2241632
Time: 18.2418844
Time: 18.2571605
Time: 18.2737513
Time: 18.2917979
Time: 18.307973
Time: 18.324346
Time: 18.3405978
Time: 18.3569174
Time: 18.3749709
Time: 18.3913477
Time: 18.4072425
Time: 18.423734
Time: 18.4404555
Time: 18.4572025
Time: 18.4736984
Time: 18.4906933
Time: 18.5071729
Time: 18.5237208
Time: 18.5404566
Time: 18.5570277
Time: 18.573779
Time: 18.5904493
UPS: 60   FPS: 60
Time: 18.6226788
Time: 18.6229207
Time: 18.6516448
Time: 18.6573743
Time: 18.6736627
Time: 18.6904743
Time: 18.7074755
Time: 18.7238941
Time: 18.7404658
Time: 18.7571049
Time: 18.7737854
Time: 18.7909972
Time: 18.8072209
Time: 18.8240159
Time: 18.8405435
Time: 18.8572971
Time: 18.8737537
Time: 18.8904534
Time: 18.907279
Time: 18.9240759
Time: 18.9406567
Time: 18.9571535
Time: 18.9738446
Time: 18.9906137
Time: 19.0072619
Time: 19.0239902
Time: 19.0404409
Time: 19.0572786
Time: 19.0736501
Time: 19.0905108
Time: 19.1073443
Time: 19.1239337
Time: 19.1405752
Time: 19.1570581
Time: 19.1738117
Time: 19.1908018
Time: 19.2073592
Time: 19.2239451
Time: 19.2404732
Time: 19.2572821
Time: 19.2738343
Time: 19.2906005
Time: 19.3072925
Time: 19.3238376
Time: 19.340584
Time: 19.3572574
Time: 19.3738955
Time: 19.3906093
Time: 19.4071212
Time: 19.4241707
Time: 19.4404412
UPS: 60   FPS: 60
[LWJGL] 16 bytes leaked, thread 11 (Game), address: 0x2530000
	at org.lwjgl.system.Callback.create(Callback.java:136)
	at org.lwjgl.system.Callback.<init>(Callback.java:86)
	at org.lwjgl.glfw.GLFWErrorCallback.<init>(GLFWErrorCallback.java:60)
	at org.lwjgl.glfw.GLFWErrorCallback$1.<init>(GLFWErrorCallback.java:97)
	at org.lwjgl.glfw.GLFWErrorCallback.createPrint(GLFWErrorCallback.java:97)
	at cz.Empatix.Main.Game.initWindow(Game.java:55)
	at cz.Empatix.Main.Game.run(Game.java:202)
	at java.lang.Thread.run(Thread.java:748)
AL lib: (EE) alc_cleanup: 1 device not closed
